<?xml version="1.0" encoding="UTF-8"?>
<testsuite name="BondTest" tests="4" skipped="0" failures="0" errors="0" timestamp="2017-11-29T01:26:37" hostname="Julias-MacBook-Air.local" time="0.005">
  <properties/>
  <testcase name="testIrr" classname="BondTest" time="0.003"/>
  <testcase name="testValue" classname="BondTest" time="0.0"/>
  <testcase name="testMacaulayDuration" classname="BondTest" time="0.0"/>
  <testcase name="testPayout" classname="BondTest" time="0.0"/>
  <system-out><![CDATA[]]></system-out>
  <system-err><![CDATA[]]></system-err>
</testsuite>
